{"/home/dvargas42/github/ignite-aulas/reactjs/03-ignews/src/components/ActiveLink/index.tsx": {"path":"/home/dvargas42/github/ignite-aulas/reactjs/03-ignews/src/components/ActiveLink/index.tsx","statementMap":{"0":{"start":{"line":15,"column":21},"end":{"line":15,"column":32}},"1":{"start":{"line":16,"column":20},"end":{"line":16,"column":63}},"2":{"start":{"line":18,"column":2},"end":{"line":24,"column":4}}},"fnMap":{"0":{"name":"ActiveLink","decl":{"start":{"line":10,"column":16},"end":{"line":10,"column":26}},"loc":{"start":{"line":14,"column":20},"end":{"line":25,"column":1}},"line":14}},"branchMap":{"0":{"loc":{"start":{"line":16,"column":20},"end":{"line":16,"column":63}},"type":"cond-expr","locations":[{"start":{"line":16,"column":43},"end":{"line":16,"column":58}},{"start":{"line":16,"column":61},"end":{"line":16,"column":63}}],"line":16}},"s":{"0":6,"1":6,"2":6},"f":{"0":6},"b":{"0":[4,2]},"_coverageSchema":"1a1c01bbd47fc00a2c39e90264f33305004495a9","hash":"42bc55e0552a89af1c4986a33100c38389bc0335"}
,"/home/dvargas42/github/ignite-aulas/reactjs/03-ignews/src/components/Async/index.tsx": {"path":"/home/dvargas42/github/ignite-aulas/reactjs/03-ignews/src/components/Async/index.tsx","statementMap":{"0":{"start":{"line":4,"column":48},"end":{"line":4,"column":62}},"1":{"start":{"line":5,"column":2},"end":{"line":9,"column":5}},"2":{"start":{"line":6,"column":4},"end":{"line":8,"column":13}},"3":{"start":{"line":7,"column":6},"end":{"line":7,"column":32}},"4":{"start":{"line":10,"column":2},"end":{"line":15,"column":4}}},"fnMap":{"0":{"name":"Async","decl":{"start":{"line":3,"column":16},"end":{"line":3,"column":21}},"loc":{"start":{"line":3,"column":24},"end":{"line":16,"column":1}},"line":3},"1":{"name":"(anonymous_1)","decl":{"start":{"line":5,"column":12},"end":{"line":5,"column":13}},"loc":{"start":{"line":5,"column":18},"end":{"line":9,"column":3}},"line":5},"2":{"name":"(anonymous_2)","decl":{"start":{"line":6,"column":15},"end":{"line":6,"column":16}},"loc":{"start":{"line":6,"column":21},"end":{"line":8,"column":5}},"line":6}},"branchMap":{"0":{"loc":{"start":{"line":13,"column":7},"end":{"line":13,"column":49}},"type":"binary-expr","locations":[{"start":{"line":13,"column":7},"end":{"line":13,"column":22}},{"start":{"line":13,"column":26},"end":{"line":13,"column":49}}],"line":13}},"s":{"0":5,"1":4,"2":4,"3":3,"4":4},"f":{"0":5,"1":4,"2":3},"b":{"0":[4,2]},"_coverageSchema":"1a1c01bbd47fc00a2c39e90264f33305004495a9","hash":"d6e1aecafe107b238a6de6ee535b477e7ee07537"}
,"/home/dvargas42/github/ignite-aulas/reactjs/03-ignews/src/components/Header/index.tsx": {"path":"/home/dvargas42/github/ignite-aulas/reactjs/03-ignews/src/components/Header/index.tsx","statementMap":{"0":{"start":{"line":8,"column":2},"end":{"line":23,"column":4}}},"fnMap":{"0":{"name":"Header","decl":{"start":{"line":7,"column":16},"end":{"line":7,"column":22}},"loc":{"start":{"line":7,"column":25},"end":{"line":24,"column":1}},"line":7}},"branchMap":{},"s":{"0":1},"f":{"0":1},"b":{},"_coverageSchema":"1a1c01bbd47fc00a2c39e90264f33305004495a9","hash":"9f247f2a05551d4799c47265c60c3d89322b0a31"}
,"/home/dvargas42/github/ignite-aulas/reactjs/03-ignews/src/components/SignInButton/index.tsx": {"path":"/home/dvargas42/github/ignite-aulas/reactjs/03-ignews/src/components/SignInButton/index.tsx","statementMap":{"0":{"start":{"line":8,"column":28},"end":{"line":8,"column":40}},"1":{"start":{"line":10,"column":2},"end":{"line":29,"column":4}},"2":{"start":{"line":14,"column":21},"end":{"line":14,"column":30}},"3":{"start":{"line":24,"column":21},"end":{"line":24,"column":37}}},"fnMap":{"0":{"name":"SignInButton","decl":{"start":{"line":7,"column":16},"end":{"line":7,"column":28}},"loc":{"start":{"line":7,"column":31},"end":{"line":30,"column":1}},"line":7},"1":{"name":"(anonymous_1)","decl":{"start":{"line":14,"column":15},"end":{"line":14,"column":16}},"loc":{"start":{"line":14,"column":21},"end":{"line":14,"column":30}},"line":14},"2":{"name":"(anonymous_2)","decl":{"start":{"line":24,"column":15},"end":{"line":24,"column":16}},"loc":{"start":{"line":24,"column":21},"end":{"line":24,"column":37}},"line":24}},"branchMap":{"0":{"loc":{"start":{"line":10,"column":9},"end":{"line":29,"column":3}},"type":"cond-expr","locations":[{"start":{"line":11,"column":4},"end":{"line":19,"column":13}},{"start":{"line":21,"column":4},"end":{"line":28,"column":13}}],"line":10}},"s":{"0":5,"1":5,"2":1,"3":1},"f":{"0":5,"1":1,"2":1},"b":{"0":[2,3]},"_coverageSchema":"1a1c01bbd47fc00a2c39e90264f33305004495a9","hash":"b9935a8faab52301285198e7d9bde80688e48a01"}
,"/home/dvargas42/github/ignite-aulas/reactjs/03-ignews/src/components/SubscribeButton/index.tsx": {"path":"/home/dvargas42/github/ignite-aulas/reactjs/03-ignews/src/components/SubscribeButton/index.tsx","statementMap":{"0":{"start":{"line":10,"column":28},"end":{"line":10,"column":40}},"1":{"start":{"line":11,"column":17},"end":{"line":11,"column":28}},"2":{"start":{"line":14,"column":4},"end":{"line":17,"column":5}},"3":{"start":{"line":15,"column":6},"end":{"line":15,"column":23}},"4":{"start":{"line":16,"column":6},"end":{"line":16,"column":13}},"5":{"start":{"line":19,"column":4},"end":{"line":22,"column":5}},"6":{"start":{"line":20,"column":6},"end":{"line":20,"column":28}},"7":{"start":{"line":21,"column":6},"end":{"line":21,"column":13}},"8":{"start":{"line":24,"column":4},"end":{"line":32,"column":5}},"9":{"start":{"line":25,"column":23},"end":{"line":25,"column":51}},"10":{"start":{"line":26,"column":28},"end":{"line":26,"column":41}},"11":{"start":{"line":28,"column":21},"end":{"line":28,"column":40}},"12":{"start":{"line":29,"column":6},"end":{"line":29,"column":53}},"13":{"start":{"line":31,"column":6},"end":{"line":31,"column":25}},"14":{"start":{"line":35,"column":2},"end":{"line":43,"column":4}}},"fnMap":{"0":{"name":"SubscribeButton","decl":{"start":{"line":9,"column":16},"end":{"line":9,"column":31}},"loc":{"start":{"line":9,"column":34},"end":{"line":44,"column":1}},"line":9},"1":{"name":"handleSubscribe","decl":{"start":{"line":13,"column":17},"end":{"line":13,"column":32}},"loc":{"start":{"line":13,"column":35},"end":{"line":33,"column":3}},"line":13}},"branchMap":{"0":{"loc":{"start":{"line":14,"column":4},"end":{"line":17,"column":5}},"type":"if","locations":[{"start":{"line":14,"column":4},"end":{"line":17,"column":5}},{"start":{},"end":{}}],"line":14},"1":{"loc":{"start":{"line":19,"column":4},"end":{"line":22,"column":5}},"type":"if","locations":[{"start":{"line":19,"column":4},"end":{"line":22,"column":5}},{"start":{},"end":{}}],"line":19}},"s":{"0":6,"1":6,"2":4,"3":1,"4":1,"5":3,"6":2,"7":2,"8":1,"9":1,"10":1,"11":1,"12":1,"13":0,"14":6},"f":{"0":6,"1":4},"b":{"0":[1,3],"1":[2,1]},"_coverageSchema":"1a1c01bbd47fc00a2c39e90264f33305004495a9","hash":"14f8bd05f30b1ea80ae91872fc9e0286e8a21ce9"}
,"/home/dvargas42/github/ignite-aulas/reactjs/03-ignews/src/pages/index.tsx": {"path":"/home/dvargas42/github/ignite-aulas/reactjs/03-ignews/src/pages/index.tsx","statementMap":{"0":{"start":{"line":17,"column":2},"end":{"line":43,"column":4}},"1":{"start":{"line":46,"column":46},"end":{"line":65,"column":1}},"2":{"start":{"line":47,"column":16},"end":{"line":49,"column":4}},"3":{"start":{"line":51,"column":18},"end":{"line":57,"column":3}},"4":{"start":{"line":59,"column":2},"end":{"line":64,"column":4}}},"fnMap":{"0":{"name":"Home","decl":{"start":{"line":16,"column":24},"end":{"line":16,"column":28}},"loc":{"start":{"line":16,"column":53},"end":{"line":44,"column":1}},"line":16},"1":{"name":"(anonymous_1)","decl":{"start":{"line":46,"column":46},"end":{"line":46,"column":47}},"loc":{"start":{"line":46,"column":58},"end":{"line":65,"column":1}},"line":46}},"branchMap":{},"s":{"0":1,"1":1,"2":1,"3":1,"4":1},"f":{"0":1,"1":1},"b":{},"_coverageSchema":"1a1c01bbd47fc00a2c39e90264f33305004495a9","hash":"6b4d0cf3da84ff9f1778b11e076ec54b3b246832"}
,"/home/dvargas42/github/ignite-aulas/reactjs/03-ignews/src/pages/posts/[slug].tsx": {"path":"/home/dvargas42/github/ignite-aulas/reactjs/03-ignews/src/pages/posts/[slug].tsx","statementMap":{"0":{"start":{"line":20,"column":2},"end":{"line":36,"column":4}},"1":{"start":{"line":39,"column":54},"end":{"line":78,"column":1}},"2":{"start":{"line":43,"column":18},"end":{"line":43,"column":43}},"3":{"start":{"line":44,"column":19},"end":{"line":44,"column":25}},"4":{"start":{"line":46,"column":2},"end":{"line":53,"column":3}},"5":{"start":{"line":47,"column":4},"end":{"line":52,"column":6}},"6":{"start":{"line":55,"column":18},"end":{"line":55,"column":39}},"7":{"start":{"line":57,"column":19},"end":{"line":57,"column":72}},"8":{"start":{"line":59,"column":15},"end":{"line":71,"column":3}},"9":{"start":{"line":73,"column":2},"end":{"line":77,"column":4}}},"fnMap":{"0":{"name":"Post","decl":{"start":{"line":19,"column":24},"end":{"line":19,"column":28}},"loc":{"start":{"line":19,"column":50},"end":{"line":37,"column":1}},"line":19},"1":{"name":"(anonymous_1)","decl":{"start":{"line":39,"column":54},"end":{"line":39,"column":55}},"loc":{"start":{"line":42,"column":6},"end":{"line":78,"column":1}},"line":42}},"branchMap":{"0":{"loc":{"start":{"line":46,"column":2},"end":{"line":53,"column":3}},"type":"if","locations":[{"start":{"line":46,"column":2},"end":{"line":53,"column":3}},{"start":{},"end":{}}],"line":46}},"s":{"0":1,"1":1,"2":2,"3":2,"4":2,"5":1,"6":1,"7":1,"8":1,"9":1},"f":{"0":1,"1":2},"b":{"0":[1,1]},"_coverageSchema":"1a1c01bbd47fc00a2c39e90264f33305004495a9","hash":"b7e7f1e06a7b3cbd2283ff1866729c0b01564dbd"}
,"/home/dvargas42/github/ignite-aulas/reactjs/03-ignews/src/pages/posts/index.tsx": {"path":"/home/dvargas42/github/ignite-aulas/reactjs/03-ignews/src/pages/posts/index.tsx","statementMap":{"0":{"start":{"line":23,"column":2},"end":{"line":43,"column":4}},"1":{"start":{"line":32,"column":12},"end":{"line":38,"column":19}},"2":{"start":{"line":46,"column":46},"end":{"line":81,"column":1}},"3":{"start":{"line":47,"column":18},"end":{"line":47,"column":36}},"4":{"start":{"line":49,"column":19},"end":{"line":56,"column":3}},"5":{"start":{"line":58,"column":16},"end":{"line":74,"column":4}},"6":{"start":{"line":59,"column":4},"end":{"line":73,"column":6}},"7":{"start":{"line":63,"column":44},"end":{"line":63,"column":72}},"8":{"start":{"line":76,"column":2},"end":{"line":80,"column":4}}},"fnMap":{"0":{"name":"Posts","decl":{"start":{"line":22,"column":24},"end":{"line":22,"column":29}},"loc":{"start":{"line":22,"column":53},"end":{"line":44,"column":1}},"line":22},"1":{"name":"(anonymous_1)","decl":{"start":{"line":31,"column":21},"end":{"line":31,"column":22}},"loc":{"start":{"line":32,"column":12},"end":{"line":38,"column":19}},"line":32},"2":{"name":"(anonymous_2)","decl":{"start":{"line":46,"column":46},"end":{"line":46,"column":47}},"loc":{"start":{"line":46,"column":58},"end":{"line":81,"column":1}},"line":46},"3":{"name":"(anonymous_3)","decl":{"start":{"line":58,"column":37},"end":{"line":58,"column":38}},"loc":{"start":{"line":58,"column":47},"end":{"line":74,"column":3}},"line":58},"4":{"name":"(anonymous_4)","decl":{"start":{"line":63,"column":31},"end":{"line":63,"column":32}},"loc":{"start":{"line":63,"column":44},"end":{"line":63,"column":72}},"line":63}},"branchMap":{"0":{"loc":{"start":{"line":63,"column":8},"end":{"line":64,"column":22}},"type":"binary-expr","locations":[{"start":{"line":63,"column":8},"end":{"line":64,"column":16}},{"start":{"line":64,"column":20},"end":{"line":64,"column":22}}],"line":63}},"s":{"0":1,"1":1,"2":1,"3":1,"4":1,"5":1,"6":1,"7":1,"8":1},"f":{"0":1,"1":1,"2":1,"3":1,"4":1},"b":{"0":[1,0]},"_coverageSchema":"1a1c01bbd47fc00a2c39e90264f33305004495a9","hash":"4965bbc2042165b30c19404ea4218f2ce80521ee"}
,"/home/dvargas42/github/ignite-aulas/reactjs/03-ignews/src/pages/posts/preview/[slug].tsx": {"path":"/home/dvargas42/github/ignite-aulas/reactjs/03-ignews/src/pages/posts/preview/[slug].tsx","statementMap":{"0":{"start":{"line":23,"column":28},"end":{"line":23,"column":40}},"1":{"start":{"line":24,"column":17},"end":{"line":24,"column":28}},"2":{"start":{"line":26,"column":2},"end":{"line":30,"column":16}},"3":{"start":{"line":27,"column":4},"end":{"line":29,"column":5}},"4":{"start":{"line":28,"column":6},"end":{"line":28,"column":41}},"5":{"start":{"line":32,"column":2},"end":{"line":55,"column":4}},"6":{"start":{"line":58,"column":46},"end":{"line":69,"column":1}},"7":{"start":{"line":59,"column":2},"end":{"line":68,"column":4}},"8":{"start":{"line":71,"column":46},"end":{"line":96,"column":1}},"9":{"start":{"line":72,"column":19},"end":{"line":72,"column":25}},"10":{"start":{"line":73,"column":18},"end":{"line":73,"column":36}},"11":{"start":{"line":74,"column":19},"end":{"line":74,"column":72}},"12":{"start":{"line":76,"column":15},"end":{"line":88,"column":3}},"13":{"start":{"line":90,"column":2},"end":{"line":95,"column":4}}},"fnMap":{"0":{"name":"PostPreview","decl":{"start":{"line":22,"column":24},"end":{"line":22,"column":35}},"loc":{"start":{"line":22,"column":64},"end":{"line":56,"column":1}},"line":22},"1":{"name":"(anonymous_1)","decl":{"start":{"line":26,"column":12},"end":{"line":26,"column":13}},"loc":{"start":{"line":26,"column":18},"end":{"line":30,"column":3}},"line":26},"2":{"name":"(anonymous_2)","decl":{"start":{"line":58,"column":46},"end":{"line":58,"column":47}},"loc":{"start":{"line":58,"column":52},"end":{"line":69,"column":1}},"line":58},"3":{"name":"(anonymous_3)","decl":{"start":{"line":71,"column":46},"end":{"line":71,"column":47}},"loc":{"start":{"line":71,"column":68},"end":{"line":96,"column":1}},"line":71}},"branchMap":{"0":{"loc":{"start":{"line":27,"column":4},"end":{"line":29,"column":5}},"type":"if","locations":[{"start":{"line":27,"column":4},"end":{"line":29,"column":5}},{"start":{},"end":{}}],"line":27}},"s":{"0":2,"1":2,"2":2,"3":2,"4":1,"5":2,"6":1,"7":0,"8":1,"9":1,"10":1,"11":1,"12":1,"13":1},"f":{"0":2,"1":2,"2":0,"3":1},"b":{"0":[1,1]},"_coverageSchema":"1a1c01bbd47fc00a2c39e90264f33305004495a9","hash":"aafdd52de12a5f68948c03d1a0a6caf1683b003a"}
}
