TN:
SF:src/components/ActiveLink/index.tsx
FN:10,ActiveLink
FNF:1
FNH:1
FNDA:6,ActiveLink
DA:15,6
DA:16,6
DA:18,6
LF:3
LH:3
BRDA:16,0,0,4
BRDA:16,0,1,2
BRF:2
BRH:2
end_of_record
TN:
SF:src/components/Async/index.tsx
FN:3,Async
FN:5,(anonymous_1)
FN:6,(anonymous_2)
FNF:3
FNH:3
FNDA:5,Async
FNDA:4,(anonymous_1)
FNDA:3,(anonymous_2)
DA:4,5
DA:5,4
DA:6,4
DA:7,3
DA:10,4
LF:5
LH:5
BRDA:13,0,0,4
BRDA:13,0,1,2
BRF:2
BRH:2
end_of_record
TN:
SF:src/components/Header/index.tsx
FN:7,Header
FNF:1
FNH:1
FNDA:1,Header
DA:8,1
LF:1
LH:1
BRF:0
BRH:0
end_of_record
TN:
SF:src/components/SignInButton/index.tsx
FN:7,SignInButton
FN:14,(anonymous_1)
FN:24,(anonymous_2)
FNF:3
FNH:3
FNDA:5,SignInButton
FNDA:1,(anonymous_1)
FNDA:1,(anonymous_2)
DA:8,5
DA:10,5
DA:14,1
DA:24,1
LF:4
LH:4
BRDA:10,0,0,2
BRDA:10,0,1,3
BRF:2
BRH:2
end_of_record
TN:
SF:src/components/SubscribeButton/index.tsx
FN:9,SubscribeButton
FN:13,handleSubscribe
FNF:2
FNH:2
FNDA:6,SubscribeButton
FNDA:4,handleSubscribe
DA:10,6
DA:11,6
DA:14,4
DA:15,1
DA:16,1
DA:19,3
DA:20,2
DA:21,2
DA:24,1
DA:25,1
DA:26,1
DA:28,1
DA:29,1
DA:31,0
DA:35,6
LF:15
LH:14
BRDA:14,0,0,1
BRDA:14,0,1,3
BRDA:19,1,0,2
BRDA:19,1,1,1
BRF:4
BRH:4
end_of_record
TN:
SF:src/pages/index.tsx
FN:16,Home
FN:46,(anonymous_1)
FNF:2
FNH:2
FNDA:1,Home
FNDA:1,(anonymous_1)
DA:17,1
DA:46,1
DA:47,1
DA:51,1
DA:59,1
LF:5
LH:5
BRF:0
BRH:0
end_of_record
TN:
SF:src/pages/posts/[slug].tsx
FN:19,Post
FN:39,(anonymous_1)
FNF:2
FNH:2
FNDA:1,Post
FNDA:2,(anonymous_1)
DA:20,1
DA:39,1
DA:43,2
DA:44,2
DA:46,2
DA:47,1
DA:55,1
DA:57,1
DA:59,1
DA:73,1
LF:10
LH:10
BRDA:46,0,0,1
BRDA:46,0,1,1
BRF:2
BRH:2
end_of_record
TN:
SF:src/pages/posts/index.tsx
FN:22,Posts
FN:31,(anonymous_1)
FN:46,(anonymous_2)
FN:58,(anonymous_3)
FN:63,(anonymous_4)
FNF:5
FNH:5
FNDA:1,Posts
FNDA:1,(anonymous_1)
FNDA:1,(anonymous_2)
FNDA:1,(anonymous_3)
FNDA:1,(anonymous_4)
DA:23,1
DA:32,1
DA:46,1
DA:47,1
DA:49,1
DA:58,1
DA:59,1
DA:63,1
DA:76,1
LF:9
LH:9
BRDA:63,0,0,1
BRDA:63,0,1,0
BRF:2
BRH:1
end_of_record
TN:
SF:src/pages/posts/preview/[slug].tsx
FN:22,PostPreview
FN:26,(anonymous_1)
FN:58,(anonymous_2)
FN:71,(anonymous_3)
FNF:4
FNH:3
FNDA:2,PostPreview
FNDA:2,(anonymous_1)
FNDA:0,(anonymous_2)
FNDA:1,(anonymous_3)
DA:23,2
DA:24,2
DA:26,2
DA:27,2
DA:28,1
DA:32,2
DA:58,1
DA:59,0
DA:71,1
DA:72,1
DA:73,1
DA:74,1
DA:76,1
DA:90,1
LF:14
LH:13
BRDA:27,0,0,1
BRDA:27,0,1,1
BRF:2
BRH:2
end_of_record
